* using log directory ‘/home/aggarri3/admiralophtha_new/check/admiralophtha.Rcheck’
* using R version 4.1.0 (2021-05-18)
* using platform: x86_64-pc-linux-gnu (64-bit)
* using session charset: UTF-8
* using options ‘--no-manual --as-cran’
* checking for file ‘admiralophtha/DESCRIPTION’ ... OK
* checking extension type ... Package
* this is package ‘admiralophtha’ version ‘0.0.1’
* package encoding: UTF-8
* checking CRAN incoming feasibility ... NOTE
Maintainer: ‘Open Source <admiralophtha@pharmaverse.com>’

New submission
* checking package namespace information ... OK
* checking package dependencies ... OK
* checking if this is a source package ... OK
* checking if there is a namespace ... OK
* checking for executable files ... OK
* checking for hidden files and directories ... OK
* checking for portable file names ... OK
* checking for sufficient/correct file permissions ... OK
* checking whether package ‘admiralophtha’ can be installed ... ERROR
Installation failed.
See ‘/home/aggarri3/admiralophtha_new/check/admiralophtha.Rcheck/00install.out’ for details.
* DONE
Status: 1 ERROR, 1 NOTE
